<?xml version="1.0" encoding="UTF-8"?>
<!-- Generated by org.testng.reporters.JUnitReportReporter -->
<testsuite skipped="0" hostname="Dell-PC" name="com.ijmeet.functionaltests.HomePageTestThrKeywords" tests="1" failures="0" timestamp="07 Oct 2020 09:23:29 GMT" time="17.669" errors="0">
  <testcase name="verifyLogoVisibilityAndClickabilityTest" time="17.669" classname="com.ijmeet.functionaltests.HomePageTestThrKeywords"/>
</testsuite> <!-- com.ijmeet.functionaltests.HomePageTestThrKeywords -->
